# JRE version: OpenJDK Runtime Environment (11.0.8+10) (build 11.0.8+10-b944.6842174)
# Java VM: OpenJDK 64-Bit Server VM (11.0.8+10-b944.6842174, mixed mode, tiered, compressed oops, g1 gc, windows-amd64)
Heap:
 garbage-first heap   total 424960K, used 171969K [0x0000000080000000, 0x0000000100000000)
  region size 1024K, 9 young (9216K), 5 survivors (5120K)
 Metaspace       used 144935K, capacity 148703K, committed 149120K, reserved 1179648K
  class space    used 17552K, capacity 18947K, committed 19072K, reserved 1048576K
GC Heap History (20 events):
Event: 6672.763 GC heap before
{Heap before GC invocations=140 (full 0):
 garbage-first heap   total 247808K, used 180660K [0x0000000080000000, 0x0000000100000000)
  region size 1024K, 60 young (61440K), 2 survivors (2048K)
 Metaspace       used 140863K, capacity 144481K, committed 145408K, reserved 1175552K
  class space    used 17417K, capacity 18757K, committed 18944K, reserved 1048576K
}
Event: 6672.768 GC heap after
{Heap after GC invocations=141 (full 0):
 garbage-first heap   total 247808K, used 123143K [0x0000000080000000, 0x0000000100000000)
  region size 1024K, 2 young (2048K), 2 survivors (2048K)
 Metaspace       used 140863K, capacity 144481K, committed 145408K, reserved 1175552K
  class space    used 17417K, capacity 18757K, committed 18944K, reserved 1048576K
}
Event: 6676.861 GC heap before
{Heap before GC invocations=142 (full 0):
 garbage-first heap   total 247808K, used 186631K [0x0000000080000000, 0x0000000100000000)
  region size 1024K, 65 young (66560K), 2 survivors (2048K)
 Metaspace       used 140926K, capacity 144617K, committed 145408K, reserved 1175552K
  class space    used 17423K, capacity 18769K, committed 18944K, reserved 1048576K
}
Event: 6676.876 GC heap after
{Heap after GC invocations=143 (full 0):
 garbage-first heap   total 247808K, used 124774K [0x0000000080000000, 0x0000000100000000)
  region size 1024K, 4 young (4096K), 4 survivors (4096K)
 Metaspace       used 140926K, capacity 144617K, committed 145408K, reserved 1175552K
  class space    used 17423K, capacity 18769K, committed 18944K, reserved 1048576K
}
Event: 6677.032 GC heap before
{Heap before GC invocations=143 (full 0):
 garbage-first heap   total 247808K, used 132966K [0x0000000080000000, 0x0000000100000000)
  region size 1024K, 12 young (12288K), 4 survivors (4096K)
 Metaspace       used 140940K, capacity 144617K, committed 145408K, reserved 1175552K
  class space    used 17423K, capacity 18769K, committed 18944K, reserved 1048576K
}
Event: 6677.099 GC heap after
{Heap after GC invocations=144 (full 0):
 garbage-first heap   total 247808K, used 125697K [0x0000000080000000, 0x0000000100000000)
  region size 1024K, 2 young (2048K), 2 survivors (2048K)
 Metaspace       used 140940K, capacity 144617K, committed 145408K, reserved 1175552K
  class space    used 17423K, capacity 18769K, committed 18944K, reserved 1048576K
}
Event: 6677.640 GC heap before
{Heap before GC invocations=144 (full 0):
 garbage-first heap   total 247808K, used 190209K [0x0000000080000000, 0x0000000100000000)
  region size 1024K, 66 young (67584K), 2 survivors (2048K)
 Metaspace       used 140957K, capacity 144681K, committed 145408K, reserved 1175552K
  class space    used 17423K, capacity 18769K, committed 18944K, reserved 1048576K
}
Event: 6677.649 GC heap after
{Heap after GC invocations=145 (full 0):
 garbage-first heap   total 247808K, used 127853K [0x0000000080000000, 0x0000000100000000)
  region size 1024K, 5 young (5120K), 5 survivors (5120K)
 Metaspace       used 140957K, capacity 144681K, committed 145408K, reserved 1175552K
  class space    used 17423K, capacity 18769K, committed 18944K, reserved 1048576K
}
Event: 6681.760 GC heap before
{Heap before GC invocations=146 (full 0):
 garbage-first heap   total 247808K, used 195437K [0x0000000080000000, 0x0000000100000000)
  region size 1024K, 70 young (71680K), 5 survivors (5120K)
 Metaspace       used 141698K, capacity 145312K, committed 146176K, reserved 1177600K
  class space    used 17469K, capacity 18807K, committed 18944K, reserved 1048576K
}
Event: 6681.868 GC heap after
{Heap after GC invocations=147 (full 0):
 garbage-first heap   total 247808K, used 136381K [0x0000000080000000, 0x0000000100000000)
  region size 1024K, 9 young (9216K), 9 survivors (9216K)
 Metaspace       used 141698K, capacity 145312K, committed 146176K, reserved 1177600K
  class space    used 17469K, capacity 18807K, committed 18944K, reserved 1048576K
}
Event: 6681.898 GC heap before
{Heap before GC invocations=147 (full 0):
 garbage-first heap   total 247808K, used 139453K [0x0000000080000000, 0x0000000100000000)
  region size 1024K, 12 young (12288K), 9 survivors (9216K)
 Metaspace       used 141698K, capacity 145312K, committed 146176K, reserved 1177600K
  class space    used 17469K, capacity 18807K, committed 18944K, reserved 1048576K
}
Event: 6682.004 GC heap after
{Heap after GC invocations=148 (full 0):
 garbage-first heap   total 247808K, used 137575K [0x0000000080000000, 0x0000000100000000)
  region size 1024K, 2 young (2048K), 2 survivors (2048K)
 Metaspace       used 141698K, capacity 145312K, committed 146176K, reserved 1177600K
  class space    used 17469K, capacity 18807K, committed 18944K, reserved 1048576K
}
Event: 6684.862 GC heap before
{Heap before GC invocations=148 (full 0):
 garbage-first heap   total 247808K, used 199015K [0x0000000080000000, 0x0000000100000000)
  region size 1024K, 62 young (63488K), 2 survivors (2048K)
 Metaspace       used 142071K, capacity 145756K, committed 146560K, reserved 1177600K
  class space    used 17483K, capacity 18847K, committed 19072K, reserved 1048576K
}
Event: 6684.899 GC heap after
{Heap after GC invocations=149 (full 0):
 garbage-first heap   total 424960K, used 149859K [0x0000000080000000, 0x0000000100000000)
  region size 1024K, 8 young (8192K), 8 survivors (8192K)
 Metaspace       used 142071K, capacity 145756K, committed 146560K, reserved 1177600K
  class space    used 17483K, capacity 18847K, committed 19072K, reserved 1048576K
}
Event: 6687.604 GC heap before
{Heap before GC invocations=150 (full 0):
 garbage-first heap   total 424960K, used 258403K [0x0000000080000000, 0x0000000100000000)
  region size 1024K, 115 young (117760K), 8 survivors (8192K)
 Metaspace       used 142973K, capacity 146679K, committed 147328K, reserved 1177600K
  class space    used 17509K, capacity 18888K, committed 19072K, reserved 1048576K
}
Event: 6687.621 GC heap after
{Heap after GC invocations=151 (full 0):
 garbage-first heap   total 424960K, used 153542K [0x0000000080000000, 0x0000000100000000)
  region size 1024K, 12 young (12288K), 12 survivors (12288K)
 Metaspace       used 142973K, capacity 146679K, committed 147328K, reserved 1177600K
  class space    used 17509K, capacity 18888K, committed 19072K, reserved 1048576K
}
Event: 6689.357 GC heap before
{Heap before GC invocations=152 (full 0):
 garbage-first heap   total 424960K, used 285283K [0x0000000080000000, 0x0000000100000000)
  region size 1024K, 138 young (141312K), 12 survivors (12288K)
 Metaspace       used 144648K, capacity 148411K, committed 148864K, reserved 1179648K
  class space    used 17546K, capacity 18943K, committed 19072K, reserved 1048576K
}
Event: 6689.392 GC heap after
{Heap after GC invocations=153 (full 0):
 garbage-first heap   total 424960K, used 164864K [0x0000000080000000, 0x0000000100000000)
  region size 1024K, 17 young (17408K), 17 survivors (17408K)
 Metaspace       used 144648K, capacity 148411K, committed 148864K, reserved 1179648K
  class space    used 17546K, capacity 18943K, committed 19072K, reserved 1048576K
}
Event: 6690.020 GC heap before
{Heap before GC invocations=153 (full 0):
 garbage-first heap   total 424960K, used 206848K [0x0000000080000000, 0x0000000100000000)
  region size 1024K, 60 young (61440K), 17 survivors (17408K)
 Metaspace       used 144928K, capacity 148703K, committed 149120K, reserved 1179648K
  class space    used 17552K, capacity 18947K, committed 19072K, reserved 1048576K
}
Event: 6690.059 GC heap after
{Heap after GC invocations=154 (full 0):
 garbage-first heap   total 424960K, used 168897K [0x0000000080000000, 0x0000000100000000)
  region size 1024K, 5 young (5120K), 5 survivors (5120K)
 Metaspace       used 144928K, capacity 148703K, committed 149120K, reserved 1179648K
  class space    used 17552K, capacity 18947K, committed 19072K, reserved 1048576K
}

